  Complex.cpp
Complex.cpp : warning C4819: 檔案含有無法在目前字碼頁 (950) 中表示的字元。請以 Unicode 格式儲存檔案以防止資料遺失
c:\users\admin\desktop\github\oopfinalproject\console\console\NumberObject.h : warning C4819: 檔案含有無法在目前字碼頁 (950) 中表示的字元。請以 Unicode 格式儲存檔案以防止資料遺失
  Console.cpp
c:\users\admin\desktop\github\oopfinalproject\console\console\NumberObject.h : warning C4819: 檔案含有無法在目前字碼頁 (950) 中表示的字元。請以 Unicode 格式儲存檔案以防止資料遺失
  Decimal.cpp
Decimal.cpp : warning C4819: 檔案含有無法在目前字碼頁 (950) 中表示的字元。請以 Unicode 格式儲存檔案以防止資料遺失
c:\users\admin\desktop\github\oopfinalproject\console\console\NumberObject.h : warning C4819: 檔案含有無法在目前字碼頁 (950) 中表示的字元。請以 Unicode 格式儲存檔案以防止資料遺失
Decimal.cpp(168): warning C4018: '<=': signed/unsigned 不相符
  Formula.cpp
Formula.cpp : warning C4819: 檔案含有無法在目前字碼頁 (950) 中表示的字元。請以 Unicode 格式儲存檔案以防止資料遺失
c:\users\admin\desktop\github\oopfinalproject\console\console\NumberObject.h : warning C4819: 檔案含有無法在目前字碼頁 (950) 中表示的字元。請以 Unicode 格式儲存檔案以防止資料遺失
Formula.cpp(20): warning C4018: '<': signed/unsigned 不相符
Formula.cpp(33): warning C4018: '<': signed/unsigned 不相符
Formula.cpp(108): warning C4018: '<': signed/unsigned 不相符
Formula.cpp(157): warning C4018: '<': signed/unsigned 不相符
Formula.cpp(162): warning C4018: '<': signed/unsigned 不相符
  Integer.cpp
Integer.cpp : warning C4819: 檔案含有無法在目前字碼頁 (950) 中表示的字元。請以 Unicode 格式儲存檔案以防止資料遺失
c:\users\admin\desktop\github\oopfinalproject\console\console\NumberObject.h : warning C4819: 檔案含有無法在目前字碼頁 (950) 中表示的字元。請以 Unicode 格式儲存檔案以防止資料遺失
Integer.cpp(65): warning C4018: '>': signed/unsigned 不相符
Integer.cpp(71): warning C4018: '<': signed/unsigned 不相符
Integer.cpp(72): warning C4018: '<': signed/unsigned 不相符
Integer.cpp(83): warning C4018: '<': signed/unsigned 不相符
Integer.cpp(92): warning C4244: '=': 將 'BaseNum' 轉換為 'uint8_t'，由於類型不同，可能導致資料遺失
Integer.cpp(99): warning C4018: '<': signed/unsigned 不相符
Integer.cpp(118): warning C4244: '=': 將 'BaseNum' 轉換為 'uint8_t'，由於類型不同，可能導致資料遺失
Integer.cpp(147): warning C4018: '<': signed/unsigned 不相符
Integer.cpp(148): warning C4018: '<': signed/unsigned 不相符
Integer.cpp(193): warning C4018: '<': signed/unsigned 不相符
Integer.cpp(213): warning C4018: '<': signed/unsigned 不相符
Integer.cpp(214): warning C4018: '<': signed/unsigned 不相符
Integer.cpp(232): warning C4018: '<': signed/unsigned 不相符
Integer.cpp(250): warning C4018: '<': signed/unsigned 不相符
Integer.cpp(391): warning C4018: '<': signed/unsigned 不相符
  NumberObject.cpp
c:\users\admin\desktop\github\oopfinalproject\console\console\NumberObject.h : warning C4819: 檔案含有無法在目前字碼頁 (950) 中表示的字元。請以 Unicode 格式儲存檔案以防止資料遺失
  Ultimate.cpp
c:\users\admin\desktop\github\oopfinalproject\console\console\NumberObject.h : warning C4819: 檔案含有無法在目前字碼頁 (950) 中表示的字元。請以 Unicode 格式儲存檔案以防止資料遺失
  正在產生程式碼
  836 of 839 functions (99.6%) were compiled, the rest were copied from previous compilation.
    15 functions were new in current compilation
    0 functions had inline decision re-evaluated but remain unchanged
  已完成程式碼產生
  Console.vcxproj -> C:\Users\admin\Desktop\GitHub\OOPFinalProject\Console\Release\Console.exe
  Console.vcxproj -> C:\Users\admin\Desktop\GitHub\OOPFinalProject\Console\Release\Console.pdb (Full PDB)
